<?xml version="1.0" encoding="UTF-8"?>
<testsuite xmlns:xsi="http://www.w3.org/2001/XMLSchema-instance" xsi:noNamespaceSchemaLocation="https://maven.apache.org/surefire/maven-surefire-plugin/xsd/surefire-test-report-3.0.xsd" version="3.0" name="runners.LoginRunnerTest" time="24.458" tests="1" errors="0" skipped="0" failures="0">
  <properties>
[...]
</properties>
  <testcase name="Realizar login no sistema" classname="Realizar login no sistema" time="23.287">
    <system-out><![CDATA[
Cenario: Realizar login no sistema                        # src/test/resources/features/login.feature:7
  Dado que estou acessando o sistema                      # stepsDefinitions.LoginSteps.queEstouAcessandoOSistema()
  Quando informar  o usuario "Admin" e a senha "admin123" # stepsDefinitions.LoginSteps.informarOUsuarioEASenha(java.lang.String,java.lang.String)
  Entao o sistema apresentarÃ¡ o dashboard                 # stepsDefinitions.LoginSteps.oSistemaApresentarÃ¡ODashboard()

    Embedding Realizar login no sistema [image/png 8795 bytes]

]]></system-out>
    <system-err><![CDATA[Starting ChromeDriver 123.0.6312.86 (9b72c47a053648d405376c5cf07999ed626728da-refs/branch-heads/6312@{#698}) on port 44791
Only local connections are allowed.
Please see https://chromedriver.chromium.org/security-considerations for suggestions on keeping ChromeDriver safe.
ChromeDriver was started successfully.
abr 05, 2024 12:19:30 PM org.openqa.selenium.remote.ProtocolHandshake createSession
INFORMAÇÕES: Detected dialect: W3C
]]></system-err>
  </testcase>
</testsuite>